2025-06-09 22:44:54,398 [INFO] 배치 처리 중: 1~100 / 518 청크
2025-06-09 22:45:00,581 [INFO] HTTP Request: POST https://api.upstage.ai/v1/embeddings "HTTP/1.1 200 OK"
2025-06-09 22:45:09,067 [INFO] 배치 처리 중: 101~200 / 518 청크
2025-06-09 22:45:11,570 [INFO] HTTP Request: POST https://api.upstage.ai/v1/embeddings "HTTP/1.1 200 OK"
2025-06-09 22:45:19,883 [INFO] 배치 처리 중: 201~300 / 518 청크
2025-06-09 22:45:23,307 [INFO] HTTP Request: POST https://api.upstage.ai/v1/embeddings "HTTP/1.1 200 OK"
2025-06-09 22:45:30,680 [INFO] 배치 처리 중: 301~400 / 518 청크
2025-06-09 22:45:32,335 [INFO] HTTP Request: POST https://api.upstage.ai/v1/embeddings "HTTP/1.1 200 OK"
2025-06-09 22:45:39,384 [INFO] 배치 처리 중: 401~500 / 518 청크
2025-06-09 22:45:41,839 [INFO] HTTP Request: POST https://api.upstage.ai/v1/embeddings "HTTP/1.1 200 OK"
2025-06-09 22:45:49,009 [INFO] 배치 처리 중: 501~518 / 518 청크
2025-06-09 22:45:50,527 [INFO] HTTP Request: POST https://api.upstage.ai/v1/embeddings "HTTP/1.1 200 OK"
2025-06-09 22:49:43,909 [INFO] 배치 처리 중: 1~3 / 3 청크
2025-06-09 22:49:44,320 [INFO] HTTP Request: POST https://api.upstage.ai/v1/embeddings "HTTP/1.1 200 OK"
2025-06-09 22:49:44,553 [INFO] Loading faiss with AVX2 support.
2025-06-09 22:49:45,306 [INFO] Successfully loaded faiss with AVX2 support.
2025-06-09 22:49:45,324 [INFO] Failed to load GPU Faiss: name 'GpuIndexIVFFlat' is not defined. Will not load constructor refs for GPU indexes. This is only an error if you're trying to use GPU Faiss.
2025-06-09 22:49:45,332 [WARNING] `embedding_function` is expected to be an Embeddings object, support for passing in a function will soon be removed.
2025-06-09 22:50:50,784 [INFO] HTTP Request: POST https://api.upstage.ai/v1/chat/completions "HTTP/1.1 200 OK"
2025-06-09 22:51:36,961 [INFO] HTTP Request: POST https://api.upstage.ai/v1/chat/completions "HTTP/1.1 200 OK"
2025-06-09 22:51:37,505 [INFO] HTTP Request: POST https://api.upstage.ai/v1/chat/completions "HTTP/1.1 200 OK"
2025-06-09 22:53:41,590 [INFO] HTTP Request: POST https://api.upstage.ai/v1/chat/completions "HTTP/1.1 200 OK"
2025-06-09 22:54:29,918 [INFO] HTTP Request: POST https://api.upstage.ai/v1/chat/completions "HTTP/1.1 200 OK"
2025-06-09 22:54:30,257 [INFO] HTTP Request: POST https://api.upstage.ai/v1/chat/completions "HTTP/1.1 200 OK"
2025-06-09 22:54:31,711 [INFO] HTTP Request: POST https://api.upstage.ai/v1/chat/completions "HTTP/1.1 200 OK"
2025-06-09 22:54:34,638 [WARNING] `embedding_function` is expected to be an Embeddings object, support for passing in a function will soon be removed.
2025-06-09 22:54:35,373 [INFO] HTTP Request: POST https://api.upstage.ai/v1/chat/completions "HTTP/1.1 200 OK"
2025-06-09 22:54:35,444 [INFO] 배치 처리 중: 1~1 / 1 청크
2025-06-09 22:54:35,753 [INFO] HTTP Request: POST https://api.upstage.ai/v1/embeddings "HTTP/1.1 200 OK"
2025-06-09 22:54:36,671 [INFO] HTTP Request: POST https://api.upstage.ai/v1/chat/completions "HTTP/1.1 200 OK"
2025-06-09 22:54:37,956 [INFO] HTTP Request: POST https://api.upstage.ai/v1/chat/completions "HTTP/1.1 200 OK"
2025-06-09 22:54:39,589 [INFO] HTTP Request: POST https://api.upstage.ai/v1/chat/completions "HTTP/1.1 200 OK"
2025-06-09 22:54:41,000 [INFO] HTTP Request: POST https://api.upstage.ai/v1/chat/completions "HTTP/1.1 200 OK"
2025-06-09 22:54:41,899 [INFO] HTTP Request: POST https://api.upstage.ai/v1/chat/completions "HTTP/1.1 200 OK"
2025-06-09 22:54:44,756 [INFO] HTTP Request: POST https://api.upstage.ai/v1/chat/completions "HTTP/1.1 200 OK"
2025-06-09 22:54:46,307 [INFO] HTTP Request: POST https://api.upstage.ai/v1/chat/completions "HTTP/1.1 200 OK"
2025-06-09 22:54:46,631 [INFO] HTTP Request: POST https://api.upstage.ai/v1/chat/completions "HTTP/1.1 200 OK"
2025-06-09 22:54:47,064 [INFO] HTTP Request: POST https://api.upstage.ai/v1/chat/completions "HTTP/1.1 200 OK"
2025-06-09 22:54:48,582 [INFO] HTTP Request: POST https://api.upstage.ai/v1/chat/completions "HTTP/1.1 200 OK"
2025-06-09 22:54:49,876 [INFO] HTTP Request: POST https://api.upstage.ai/v1/chat/completions "HTTP/1.1 200 OK"
2025-06-09 22:54:51,026 [INFO] HTTP Request: POST https://api.upstage.ai/v1/chat/completions "HTTP/1.1 200 OK"
2025-06-09 22:54:51,831 [INFO] HTTP Request: POST https://api.upstage.ai/v1/chat/completions "HTTP/1.1 200 OK"
2025-06-09 22:54:52,921 [INFO] HTTP Request: POST https://api.upstage.ai/v1/chat/completions "HTTP/1.1 200 OK"
2025-06-09 22:54:54,229 [INFO] HTTP Request: POST https://api.upstage.ai/v1/chat/completions "HTTP/1.1 200 OK"
2025-06-09 22:54:55,929 [INFO] HTTP Request: POST https://api.upstage.ai/v1/chat/completions "HTTP/1.1 200 OK"
2025-06-09 22:54:56,643 [INFO] HTTP Request: POST https://api.upstage.ai/v1/chat/completions "HTTP/1.1 200 OK"
2025-06-09 22:54:57,669 [INFO] HTTP Request: POST https://api.upstage.ai/v1/chat/completions "HTTP/1.1 200 OK"
2025-06-09 22:54:58,126 [INFO] HTTP Request: POST https://api.upstage.ai/v1/chat/completions "HTTP/1.1 200 OK"
2025-06-09 22:55:00,360 [INFO] HTTP Request: POST https://api.upstage.ai/v1/chat/completions "HTTP/1.1 200 OK"
2025-06-09 22:55:00,954 [INFO] HTTP Request: POST https://api.upstage.ai/v1/chat/completions "HTTP/1.1 200 OK"
2025-06-09 22:55:01,668 [INFO] HTTP Request: POST https://api.upstage.ai/v1/chat/completions "HTTP/1.1 200 OK"
2025-06-09 22:55:02,235 [INFO] HTTP Request: POST https://api.upstage.ai/v1/chat/completions "HTTP/1.1 200 OK"
2025-06-09 22:55:03,411 [INFO] HTTP Request: POST https://api.upstage.ai/v1/chat/completions "HTTP/1.1 200 OK"
2025-06-09 22:55:05,298 [INFO] HTTP Request: POST https://api.upstage.ai/v1/chat/completions "HTTP/1.1 200 OK"
2025-06-09 22:55:06,271 [INFO] HTTP Request: POST https://api.upstage.ai/v1/chat/completions "HTTP/1.1 200 OK"
2025-06-09 22:55:07,041 [INFO] HTTP Request: POST https://api.upstage.ai/v1/chat/completions "HTTP/1.1 200 OK"
2025-06-09 22:55:08,154 [INFO] HTTP Request: POST https://api.upstage.ai/v1/chat/completions "HTTP/1.1 200 OK"
2025-06-09 22:55:08,753 [INFO] HTTP Request: POST https://api.upstage.ai/v1/chat/completions "HTTP/1.1 200 OK"
2025-06-09 22:55:10,050 [INFO] HTTP Request: POST https://api.upstage.ai/v1/chat/completions "HTTP/1.1 200 OK"
2025-06-09 22:55:11,368 [INFO] HTTP Request: POST https://api.upstage.ai/v1/chat/completions "HTTP/1.1 200 OK"
2025-06-09 22:55:11,802 [INFO] HTTP Request: POST https://api.upstage.ai/v1/chat/completions "HTTP/1.1 200 OK"
2025-06-09 22:55:12,825 [INFO] HTTP Request: POST https://api.upstage.ai/v1/chat/completions "HTTP/1.1 200 OK"
2025-06-09 22:55:13,736 [INFO] HTTP Request: POST https://api.upstage.ai/v1/chat/completions "HTTP/1.1 200 OK"
2025-06-09 22:55:15,011 [INFO] HTTP Request: POST https://api.upstage.ai/v1/chat/completions "HTTP/1.1 200 OK"
2025-06-09 22:55:15,349 [INFO] HTTP Request: POST https://api.upstage.ai/v1/chat/completions "HTTP/1.1 200 OK"
2025-06-09 22:55:16,377 [INFO] HTTP Request: POST https://api.upstage.ai/v1/chat/completions "HTTP/1.1 200 OK"
2025-06-09 22:55:17,494 [INFO] HTTP Request: POST https://api.upstage.ai/v1/chat/completions "HTTP/1.1 200 OK"
2025-06-09 22:55:18,184 [INFO] HTTP Request: POST https://api.upstage.ai/v1/chat/completions "HTTP/1.1 200 OK"
2025-06-09 22:55:18,733 [INFO] HTTP Request: POST https://api.upstage.ai/v1/chat/completions "HTTP/1.1 200 OK"
2025-06-09 22:55:19,188 [INFO] HTTP Request: POST https://api.upstage.ai/v1/chat/completions "HTTP/1.1 200 OK"
2025-06-09 22:55:20,239 [INFO] HTTP Request: POST https://api.upstage.ai/v1/chat/completions "HTTP/1.1 200 OK"
2025-06-09 22:55:20,813 [INFO] HTTP Request: POST https://api.upstage.ai/v1/chat/completions "HTTP/1.1 200 OK"
2025-06-09 22:55:21,775 [INFO] HTTP Request: POST https://api.upstage.ai/v1/chat/completions "HTTP/1.1 200 OK"
2025-06-09 22:55:22,597 [INFO] HTTP Request: POST https://api.upstage.ai/v1/chat/completions "HTTP/1.1 200 OK"
2025-06-09 22:55:23,471 [INFO] HTTP Request: POST https://api.upstage.ai/v1/chat/completions "HTTP/1.1 200 OK"
2025-06-09 22:55:24,499 [INFO] HTTP Request: POST https://api.upstage.ai/v1/chat/completions "HTTP/1.1 200 OK"
2025-06-09 22:55:25,185 [INFO] HTTP Request: POST https://api.upstage.ai/v1/chat/completions "HTTP/1.1 200 OK"
2025-06-09 22:55:25,487 [INFO] HTTP Request: POST https://api.upstage.ai/v1/chat/completions "HTTP/1.1 200 OK"
2025-06-09 22:55:26,341 [INFO] HTTP Request: POST https://api.upstage.ai/v1/chat/completions "HTTP/1.1 200 OK"
2025-06-09 22:55:28,301 [INFO] HTTP Request: POST https://api.upstage.ai/v1/chat/completions "HTTP/1.1 200 OK"
2025-06-09 22:55:29,823 [INFO] HTTP Request: POST https://api.upstage.ai/v1/chat/completions "HTTP/1.1 200 OK"
2025-06-09 22:55:30,462 [INFO] HTTP Request: POST https://api.upstage.ai/v1/chat/completions "HTTP/1.1 200 OK"
2025-06-09 22:55:31,869 [INFO] HTTP Request: POST https://api.upstage.ai/v1/chat/completions "HTTP/1.1 200 OK"
2025-06-09 22:55:32,418 [INFO] HTTP Request: POST https://api.upstage.ai/v1/chat/completions "HTTP/1.1 200 OK"
2025-06-09 22:55:33,405 [INFO] HTTP Request: POST https://api.upstage.ai/v1/chat/completions "HTTP/1.1 200 OK"
2025-06-09 22:55:34,384 [INFO] HTTP Request: POST https://api.upstage.ai/v1/chat/completions "HTTP/1.1 200 OK"
2025-06-09 22:55:35,521 [INFO] HTTP Request: POST https://api.upstage.ai/v1/chat/completions "HTTP/1.1 200 OK"
2025-06-09 22:55:36,002 [INFO] HTTP Request: POST https://api.upstage.ai/v1/chat/completions "HTTP/1.1 200 OK"
2025-06-09 22:56:04,539 [INFO] HTTP Request: POST https://api.upstage.ai/v1/chat/completions "HTTP/1.1 200 OK"
2025-06-09 22:56:07,611 [INFO] HTTP Request: POST https://api.upstage.ai/v1/chat/completions "HTTP/1.1 200 OK"
2025-06-09 22:56:08,397 [INFO] HTTP Request: POST https://api.upstage.ai/v1/chat/completions "HTTP/1.1 200 OK"
2025-06-09 22:56:09,050 [INFO] HTTP Request: POST https://api.upstage.ai/v1/chat/completions "HTTP/1.1 200 OK"
2025-06-09 22:56:10,264 [INFO] HTTP Request: POST https://api.upstage.ai/v1/chat/completions "HTTP/1.1 200 OK"
2025-06-09 22:56:10,997 [INFO] HTTP Request: POST https://api.upstage.ai/v1/chat/completions "HTTP/1.1 200 OK"
2025-06-09 22:56:11,004 [INFO] 배치 처리 중: 1~1 / 1 청크
2025-06-09 22:56:11,602 [INFO] HTTP Request: POST https://api.upstage.ai/v1/embeddings "HTTP/1.1 200 OK"
2025-06-09 22:56:12,863 [INFO] HTTP Request: POST https://api.upstage.ai/v1/chat/completions "HTTP/1.1 200 OK"
2025-06-09 22:56:13,757 [INFO] HTTP Request: POST https://api.upstage.ai/v1/chat/completions "HTTP/1.1 200 OK"
2025-06-09 22:56:14,374 [INFO] HTTP Request: POST https://api.upstage.ai/v1/chat/completions "HTTP/1.1 200 OK"
2025-06-09 22:56:15,249 [INFO] HTTP Request: POST https://api.upstage.ai/v1/chat/completions "HTTP/1.1 200 OK"
2025-06-09 22:56:16,120 [INFO] HTTP Request: POST https://api.upstage.ai/v1/chat/completions "HTTP/1.1 200 OK"
2025-06-09 22:56:17,089 [INFO] HTTP Request: POST https://api.upstage.ai/v1/chat/completions "HTTP/1.1 200 OK"
2025-06-09 22:56:18,078 [INFO] HTTP Request: POST https://api.upstage.ai/v1/chat/completions "HTTP/1.1 200 OK"
2025-06-09 22:56:19,013 [INFO] HTTP Request: POST https://api.upstage.ai/v1/chat/completions "HTTP/1.1 200 OK"
2025-06-09 22:56:19,725 [INFO] HTTP Request: POST https://api.upstage.ai/v1/chat/completions "HTTP/1.1 200 OK"
2025-06-09 22:56:21,116 [INFO] HTTP Request: POST https://api.upstage.ai/v1/chat/completions "HTTP/1.1 200 OK"
2025-06-09 22:56:21,639 [INFO] HTTP Request: POST https://api.upstage.ai/v1/chat/completions "HTTP/1.1 200 OK"
2025-06-09 22:56:22,457 [INFO] HTTP Request: POST https://api.upstage.ai/v1/chat/completions "HTTP/1.1 200 OK"
2025-06-09 22:56:23,068 [INFO] HTTP Request: POST https://api.upstage.ai/v1/chat/completions "HTTP/1.1 200 OK"
2025-06-09 22:56:24,089 [INFO] HTTP Request: POST https://api.upstage.ai/v1/chat/completions "HTTP/1.1 200 OK"
2025-06-09 22:56:25,491 [INFO] HTTP Request: POST https://api.upstage.ai/v1/chat/completions "HTTP/1.1 200 OK"
2025-06-09 22:56:26,281 [INFO] HTTP Request: POST https://api.upstage.ai/v1/chat/completions "HTTP/1.1 200 OK"
2025-06-09 22:56:26,993 [INFO] HTTP Request: POST https://api.upstage.ai/v1/chat/completions "HTTP/1.1 200 OK"
2025-06-09 22:56:28,097 [INFO] HTTP Request: POST https://api.upstage.ai/v1/chat/completions "HTTP/1.1 200 OK"
2025-06-09 22:56:29,290 [INFO] HTTP Request: POST https://api.upstage.ai/v1/chat/completions "HTTP/1.1 200 OK"
2025-06-09 22:56:30,957 [INFO] HTTP Request: POST https://api.upstage.ai/v1/chat/completions "HTTP/1.1 200 OK"
2025-06-09 22:56:31,662 [INFO] HTTP Request: POST https://api.upstage.ai/v1/chat/completions "HTTP/1.1 200 OK"
2025-06-09 22:56:32,383 [INFO] HTTP Request: POST https://api.upstage.ai/v1/chat/completions "HTTP/1.1 200 OK"
2025-06-09 22:56:33,717 [INFO] HTTP Request: POST https://api.upstage.ai/v1/chat/completions "HTTP/1.1 200 OK"
2025-06-09 22:56:34,637 [INFO] HTTP Request: POST https://api.upstage.ai/v1/chat/completions "HTTP/1.1 200 OK"
2025-06-09 22:56:35,796 [INFO] HTTP Request: POST https://api.upstage.ai/v1/chat/completions "HTTP/1.1 200 OK"
2025-06-09 22:56:36,963 [INFO] HTTP Request: POST https://api.upstage.ai/v1/chat/completions "HTTP/1.1 200 OK"
2025-06-09 22:56:38,007 [INFO] HTTP Request: POST https://api.upstage.ai/v1/chat/completions "HTTP/1.1 200 OK"
2025-06-09 22:56:38,728 [INFO] HTTP Request: POST https://api.upstage.ai/v1/chat/completions "HTTP/1.1 200 OK"
2025-06-09 22:56:39,419 [INFO] HTTP Request: POST https://api.upstage.ai/v1/chat/completions "HTTP/1.1 200 OK"
2025-06-09 22:56:39,857 [INFO] HTTP Request: POST https://api.upstage.ai/v1/chat/completions "HTTP/1.1 200 OK"
2025-06-09 22:56:40,891 [INFO] HTTP Request: POST https://api.upstage.ai/v1/chat/completions "HTTP/1.1 200 OK"
2025-06-09 22:56:41,573 [INFO] HTTP Request: POST https://api.upstage.ai/v1/chat/completions "HTTP/1.1 200 OK"
2025-06-09 22:56:42,631 [INFO] HTTP Request: POST https://api.upstage.ai/v1/chat/completions "HTTP/1.1 200 OK"
2025-06-09 22:56:43,312 [INFO] HTTP Request: POST https://api.upstage.ai/v1/chat/completions "HTTP/1.1 200 OK"
2025-06-09 22:56:44,181 [INFO] HTTP Request: POST https://api.upstage.ai/v1/chat/completions "HTTP/1.1 200 OK"
2025-06-09 22:56:45,504 [INFO] HTTP Request: POST https://api.upstage.ai/v1/chat/completions "HTTP/1.1 200 OK"
2025-06-09 22:56:46,255 [INFO] HTTP Request: POST https://api.upstage.ai/v1/chat/completions "HTTP/1.1 200 OK"
2025-06-09 22:56:46,614 [INFO] HTTP Request: POST https://api.upstage.ai/v1/chat/completions "HTTP/1.1 200 OK"
2025-06-09 22:56:47,210 [INFO] HTTP Request: POST https://api.upstage.ai/v1/chat/completions "HTTP/1.1 200 OK"
2025-06-09 22:56:48,474 [INFO] HTTP Request: POST https://api.upstage.ai/v1/chat/completions "HTTP/1.1 200 OK"
2025-06-09 22:56:49,693 [INFO] HTTP Request: POST https://api.upstage.ai/v1/chat/completions "HTTP/1.1 200 OK"
2025-06-09 22:56:50,065 [INFO] HTTP Request: POST https://api.upstage.ai/v1/chat/completions "HTTP/1.1 200 OK"
2025-06-09 22:56:50,623 [INFO] HTTP Request: POST https://api.upstage.ai/v1/chat/completions "HTTP/1.1 200 OK"
2025-06-09 22:56:51,438 [INFO] HTTP Request: POST https://api.upstage.ai/v1/chat/completions "HTTP/1.1 200 OK"
2025-06-09 22:56:52,469 [INFO] HTTP Request: POST https://api.upstage.ai/v1/chat/completions "HTTP/1.1 200 OK"
2025-06-09 22:56:53,545 [INFO] HTTP Request: POST https://api.upstage.ai/v1/chat/completions "HTTP/1.1 200 OK"
2025-06-09 22:56:54,708 [INFO] HTTP Request: POST https://api.upstage.ai/v1/chat/completions "HTTP/1.1 200 OK"
2025-06-09 22:56:55,686 [INFO] HTTP Request: POST https://api.upstage.ai/v1/chat/completions "HTTP/1.1 200 OK"
2025-06-09 22:56:56,455 [INFO] HTTP Request: POST https://api.upstage.ai/v1/chat/completions "HTTP/1.1 200 OK"
2025-06-09 22:56:57,168 [INFO] HTTP Request: POST https://api.upstage.ai/v1/chat/completions "HTTP/1.1 200 OK"
2025-06-09 22:56:57,992 [INFO] HTTP Request: POST https://api.upstage.ai/v1/chat/completions "HTTP/1.1 200 OK"
2025-06-09 22:56:58,803 [INFO] HTTP Request: POST https://api.upstage.ai/v1/chat/completions "HTTP/1.1 200 OK"
2025-06-09 22:56:59,420 [INFO] HTTP Request: POST https://api.upstage.ai/v1/chat/completions "HTTP/1.1 200 OK"
2025-06-09 22:57:00,308 [INFO] HTTP Request: POST https://api.upstage.ai/v1/chat/completions "HTTP/1.1 200 OK"
2025-06-09 22:57:01,240 [INFO] HTTP Request: POST https://api.upstage.ai/v1/chat/completions "HTTP/1.1 200 OK"
2025-06-09 22:57:02,982 [INFO] HTTP Request: POST https://api.upstage.ai/v1/chat/completions "HTTP/1.1 200 OK"
2025-06-09 22:57:03,556 [INFO] HTTP Request: POST https://api.upstage.ai/v1/chat/completions "HTTP/1.1 200 OK"
2025-06-09 22:57:04,221 [INFO] HTTP Request: POST https://api.upstage.ai/v1/chat/completions "HTTP/1.1 200 OK"
2025-06-09 22:57:04,665 [INFO] HTTP Request: POST https://api.upstage.ai/v1/chat/completions "HTTP/1.1 200 OK"
2025-06-09 22:57:05,254 [INFO] HTTP Request: POST https://api.upstage.ai/v1/chat/completions "HTTP/1.1 200 OK"
2025-06-09 22:57:06,391 [INFO] HTTP Request: POST https://api.upstage.ai/v1/chat/completions "HTTP/1.1 200 OK"
2025-06-09 22:57:06,981 [INFO] HTTP Request: POST https://api.upstage.ai/v1/chat/completions "HTTP/1.1 200 OK"
2025-06-09 22:57:07,471 [INFO] HTTP Request: POST https://api.upstage.ai/v1/chat/completions "HTTP/1.1 200 OK"
2025-06-09 22:57:07,821 [INFO] HTTP Request: POST https://api.upstage.ai/v1/chat/completions "HTTP/1.1 200 OK"
2025-06-09 22:57:08,256 [INFO] HTTP Request: POST https://api.upstage.ai/v1/chat/completions "HTTP/1.1 200 OK"
2025-06-09 22:57:09,051 [INFO] HTTP Request: POST https://api.upstage.ai/v1/chat/completions "HTTP/1.1 200 OK"
2025-06-09 22:57:09,972 [INFO] HTTP Request: POST https://api.upstage.ai/v1/chat/completions "HTTP/1.1 200 OK"
2025-06-09 22:57:10,721 [INFO] HTTP Request: POST https://api.upstage.ai/v1/chat/completions "HTTP/1.1 200 OK"
2025-06-09 22:57:11,608 [INFO] HTTP Request: POST https://api.upstage.ai/v1/chat/completions "HTTP/1.1 200 OK"
2025-06-09 22:57:12,098 [INFO] HTTP Request: POST https://api.upstage.ai/v1/chat/completions "HTTP/1.1 200 OK"
2025-06-09 22:57:13,660 [INFO] HTTP Request: POST https://api.upstage.ai/v1/chat/completions "HTTP/1.1 200 OK"
2025-06-09 22:57:14,470 [INFO] HTTP Request: POST https://api.upstage.ai/v1/chat/completions "HTTP/1.1 200 OK"
2025-06-09 22:57:14,937 [INFO] HTTP Request: POST https://api.upstage.ai/v1/chat/completions "HTTP/1.1 200 OK"
2025-06-09 22:57:15,799 [INFO] HTTP Request: POST https://api.upstage.ai/v1/chat/completions "HTTP/1.1 200 OK"
2025-06-09 22:57:16,172 [INFO] HTTP Request: POST https://api.upstage.ai/v1/chat/completions "HTTP/1.1 200 OK"
2025-06-09 22:57:16,867 [INFO] HTTP Request: POST https://api.upstage.ai/v1/chat/completions "HTTP/1.1 200 OK"
2025-06-09 22:57:17,859 [INFO] HTTP Request: POST https://api.upstage.ai/v1/chat/completions "HTTP/1.1 200 OK"
2025-06-09 22:57:18,366 [INFO] HTTP Request: POST https://api.upstage.ai/v1/chat/completions "HTTP/1.1 200 OK"
2025-06-09 22:57:19,160 [INFO] HTTP Request: POST https://api.upstage.ai/v1/chat/completions "HTTP/1.1 200 OK"
2025-06-09 22:57:20,364 [INFO] HTTP Request: POST https://api.upstage.ai/v1/chat/completions "HTTP/1.1 200 OK"
2025-06-09 22:57:21,166 [INFO] HTTP Request: POST https://api.upstage.ai/v1/chat/completions "HTTP/1.1 200 OK"
2025-06-09 22:57:21,635 [INFO] HTTP Request: POST https://api.upstage.ai/v1/chat/completions "HTTP/1.1 200 OK"
2025-06-09 22:57:22,895 [INFO] HTTP Request: POST https://api.upstage.ai/v1/chat/completions "HTTP/1.1 200 OK"
2025-06-09 22:57:23,546 [INFO] HTTP Request: POST https://api.upstage.ai/v1/chat/completions "HTTP/1.1 200 OK"
2025-06-09 22:57:23,922 [INFO] HTTP Request: POST https://api.upstage.ai/v1/chat/completions "HTTP/1.1 200 OK"
2025-06-09 22:57:25,422 [INFO] HTTP Request: POST https://api.upstage.ai/v1/chat/completions "HTTP/1.1 200 OK"
2025-06-09 22:57:26,073 [INFO] HTTP Request: POST https://api.upstage.ai/v1/chat/completions "HTTP/1.1 200 OK"
2025-06-09 22:57:27,681 [INFO] HTTP Request: POST https://api.upstage.ai/v1/chat/completions "HTTP/1.1 200 OK"
2025-06-09 22:57:28,234 [INFO] HTTP Request: POST https://api.upstage.ai/v1/chat/completions "HTTP/1.1 200 OK"
2025-06-09 22:57:29,015 [INFO] HTTP Request: POST https://api.upstage.ai/v1/chat/completions "HTTP/1.1 200 OK"
2025-06-09 22:57:29,929 [INFO] HTTP Request: POST https://api.upstage.ai/v1/chat/completions "HTTP/1.1 200 OK"
2025-06-09 22:57:31,146 [INFO] HTTP Request: POST https://api.upstage.ai/v1/chat/completions "HTTP/1.1 200 OK"
2025-06-09 22:57:31,971 [INFO] HTTP Request: POST https://api.upstage.ai/v1/chat/completions "HTTP/1.1 200 OK"
2025-06-09 22:57:32,671 [INFO] HTTP Request: POST https://api.upstage.ai/v1/chat/completions "HTTP/1.1 200 OK"
2025-06-09 22:57:34,164 [INFO] HTTP Request: POST https://api.upstage.ai/v1/chat/completions "HTTP/1.1 200 OK"
2025-06-09 22:57:34,740 [INFO] HTTP Request: POST https://api.upstage.ai/v1/chat/completions "HTTP/1.1 200 OK"
2025-06-09 23:01:18,758 [INFO] HTTP Request: POST https://api.upstage.ai/v1/chat/completions "HTTP/1.1 200 OK"
2025-06-09 23:01:22,032 [WARNING] `embedding_function` is expected to be an Embeddings object, support for passing in a function will soon be removed.
2025-06-09 23:01:22,648 [INFO] HTTP Request: POST https://api.upstage.ai/v1/chat/completions "HTTP/1.1 200 OK"
2025-06-09 23:01:22,664 [INFO] 배치 처리 중: 1~1 / 1 청크
2025-06-09 23:01:22,962 [INFO] HTTP Request: POST https://api.upstage.ai/v1/embeddings "HTTP/1.1 200 OK"
2025-06-09 23:01:23,874 [INFO] HTTP Request: POST https://api.upstage.ai/v1/chat/completions "HTTP/1.1 200 OK"
2025-06-09 23:01:25,618 [INFO] HTTP Request: POST https://api.upstage.ai/v1/chat/completions "HTTP/1.1 200 OK"
2025-06-09 23:01:27,256 [INFO] HTTP Request: POST https://api.upstage.ai/v1/chat/completions "HTTP/1.1 200 OK"
2025-06-09 23:01:28,247 [INFO] HTTP Request: POST https://api.upstage.ai/v1/chat/completions "HTTP/1.1 200 OK"
2025-06-09 23:01:29,110 [INFO] HTTP Request: POST https://api.upstage.ai/v1/chat/completions "HTTP/1.1 200 OK"
2025-06-09 23:01:30,568 [INFO] HTTP Request: POST https://api.upstage.ai/v1/chat/completions "HTTP/1.1 200 OK"
2025-06-09 23:01:32,009 [INFO] HTTP Request: POST https://api.upstage.ai/v1/chat/completions "HTTP/1.1 200 OK"
2025-06-09 23:01:32,353 [INFO] HTTP Request: POST https://api.upstage.ai/v1/chat/completions "HTTP/1.1 200 OK"
2025-06-09 23:01:32,783 [INFO] HTTP Request: POST https://api.upstage.ai/v1/chat/completions "HTTP/1.1 200 OK"
2025-06-09 23:01:34,297 [INFO] HTTP Request: POST https://api.upstage.ai/v1/chat/completions "HTTP/1.1 200 OK"
2025-06-09 23:01:35,642 [INFO] HTTP Request: POST https://api.upstage.ai/v1/chat/completions "HTTP/1.1 200 OK"
2025-06-09 23:01:37,290 [INFO] HTTP Request: POST https://api.upstage.ai/v1/chat/completions "HTTP/1.1 200 OK"
2025-06-09 23:01:38,071 [INFO] HTTP Request: POST https://api.upstage.ai/v1/chat/completions "HTTP/1.1 200 OK"
2025-06-09 23:01:38,775 [INFO] HTTP Request: POST https://api.upstage.ai/v1/chat/completions "HTTP/1.1 200 OK"
2025-06-09 23:01:40,050 [INFO] HTTP Request: POST https://api.upstage.ai/v1/chat/completions "HTTP/1.1 200 OK"
2025-06-09 23:01:41,839 [INFO] HTTP Request: POST https://api.upstage.ai/v1/chat/completions "HTTP/1.1 200 OK"
2025-06-09 23:01:42,535 [INFO] HTTP Request: POST https://api.upstage.ai/v1/chat/completions "HTTP/1.1 200 OK"
2025-06-09 23:01:43,572 [INFO] HTTP Request: POST https://api.upstage.ai/v1/chat/completions "HTTP/1.1 200 OK"
2025-06-09 23:01:44,098 [INFO] HTTP Request: POST https://api.upstage.ai/v1/chat/completions "HTTP/1.1 200 OK"
2025-06-09 23:01:46,169 [INFO] HTTP Request: POST https://api.upstage.ai/v1/chat/completions "HTTP/1.1 200 OK"
2025-06-09 23:01:46,944 [INFO] HTTP Request: POST https://api.upstage.ai/v1/chat/completions "HTTP/1.1 200 OK"
2025-06-09 23:01:47,490 [INFO] HTTP Request: POST https://api.upstage.ai/v1/chat/completions "HTTP/1.1 200 OK"
2025-06-09 23:01:48,084 [INFO] HTTP Request: POST https://api.upstage.ai/v1/chat/completions "HTTP/1.1 200 OK"
2025-06-09 23:01:49,025 [INFO] HTTP Request: POST https://api.upstage.ai/v1/chat/completions "HTTP/1.1 200 OK"
2025-06-09 23:01:51,467 [INFO] HTTP Request: POST https://api.upstage.ai/v1/chat/completions "HTTP/1.1 200 OK"
2025-06-09 23:01:54,240 [INFO] HTTP Request: POST https://api.upstage.ai/v1/chat/completions "HTTP/1.1 200 OK"
2025-06-09 23:01:55,321 [INFO] HTTP Request: POST https://api.upstage.ai/v1/chat/completions "HTTP/1.1 200 OK"
2025-06-09 23:01:56,477 [INFO] HTTP Request: POST https://api.upstage.ai/v1/chat/completions "HTTP/1.1 200 OK"
2025-06-09 23:01:57,054 [INFO] HTTP Request: POST https://api.upstage.ai/v1/chat/completions "HTTP/1.1 200 OK"
2025-06-09 23:01:57,714 [INFO] HTTP Request: POST https://api.upstage.ai/v1/chat/completions "HTTP/1.1 200 OK"
2025-06-09 23:01:59,009 [INFO] HTTP Request: POST https://api.upstage.ai/v1/chat/completions "HTTP/1.1 200 OK"
2025-06-09 23:01:59,433 [INFO] HTTP Request: POST https://api.upstage.ai/v1/chat/completions "HTTP/1.1 200 OK"
2025-06-09 23:02:00,414 [INFO] HTTP Request: POST https://api.upstage.ai/v1/chat/completions "HTTP/1.1 200 OK"
2025-06-09 23:02:01,331 [INFO] HTTP Request: POST https://api.upstage.ai/v1/chat/completions "HTTP/1.1 200 OK"
2025-06-09 23:02:02,637 [INFO] HTTP Request: POST https://api.upstage.ai/v1/chat/completions "HTTP/1.1 200 OK"
2025-06-09 23:02:03,036 [INFO] HTTP Request: POST https://api.upstage.ai/v1/chat/completions "HTTP/1.1 200 OK"
2025-06-09 23:02:04,013 [INFO] HTTP Request: POST https://api.upstage.ai/v1/chat/completions "HTTP/1.1 200 OK"
2025-06-09 23:02:05,404 [INFO] HTTP Request: POST https://api.upstage.ai/v1/chat/completions "HTTP/1.1 200 OK"
2025-06-09 23:02:06,107 [INFO] HTTP Request: POST https://api.upstage.ai/v1/chat/completions "HTTP/1.1 200 OK"
2025-06-09 23:02:06,612 [INFO] HTTP Request: POST https://api.upstage.ai/v1/chat/completions "HTTP/1.1 200 OK"
2025-06-09 23:02:07,136 [INFO] HTTP Request: POST https://api.upstage.ai/v1/chat/completions "HTTP/1.1 200 OK"
2025-06-09 23:02:08,153 [INFO] HTTP Request: POST https://api.upstage.ai/v1/chat/completions "HTTP/1.1 200 OK"
2025-06-09 23:02:08,887 [INFO] HTTP Request: POST https://api.upstage.ai/v1/chat/completions "HTTP/1.1 200 OK"
2025-06-09 23:02:09,649 [INFO] HTTP Request: POST https://api.upstage.ai/v1/chat/completions "HTTP/1.1 200 OK"
2025-06-09 23:02:10,795 [INFO] HTTP Request: POST https://api.upstage.ai/v1/chat/completions "HTTP/1.1 200 OK"
2025-06-09 23:02:11,498 [INFO] HTTP Request: POST https://api.upstage.ai/v1/chat/completions "HTTP/1.1 200 OK"
2025-06-09 23:02:12,375 [INFO] HTTP Request: POST https://api.upstage.ai/v1/chat/completions "HTTP/1.1 200 OK"
2025-06-09 23:02:12,963 [INFO] HTTP Request: POST https://api.upstage.ai/v1/chat/completions "HTTP/1.1 200 OK"
2025-06-09 23:02:13,359 [INFO] HTTP Request: POST https://api.upstage.ai/v1/chat/completions "HTTP/1.1 200 OK"
2025-06-09 23:02:14,164 [INFO] HTTP Request: POST https://api.upstage.ai/v1/chat/completions "HTTP/1.1 200 OK"
2025-06-09 23:02:14,945 [INFO] HTTP Request: POST https://api.upstage.ai/v1/chat/completions "HTTP/1.1 200 OK"
2025-06-09 23:02:16,867 [INFO] HTTP Request: POST https://api.upstage.ai/v1/chat/completions "HTTP/1.1 200 OK"
2025-06-09 23:02:17,416 [INFO] HTTP Request: POST https://api.upstage.ai/v1/chat/completions "HTTP/1.1 200 OK"
2025-06-09 23:02:19,118 [INFO] HTTP Request: POST https://api.upstage.ai/v1/chat/completions "HTTP/1.1 200 OK"
2025-06-09 23:02:19,826 [INFO] HTTP Request: POST https://api.upstage.ai/v1/chat/completions "HTTP/1.1 200 OK"
2025-06-09 23:02:21,063 [INFO] HTTP Request: POST https://api.upstage.ai/v1/chat/completions "HTTP/1.1 200 OK"
2025-06-09 23:02:21,992 [INFO] HTTP Request: POST https://api.upstage.ai/v1/chat/completions "HTTP/1.1 200 OK"
2025-06-09 23:02:22,929 [INFO] HTTP Request: POST https://api.upstage.ai/v1/chat/completions "HTTP/1.1 200 OK"
2025-06-09 23:02:24,038 [INFO] HTTP Request: POST https://api.upstage.ai/v1/chat/completions "HTTP/1.1 200 OK"
2025-06-09 23:02:46,437 [INFO] HTTP Request: POST https://api.upstage.ai/v1/chat/completions "HTTP/1.1 200 OK"
2025-06-09 23:02:46,910 [INFO] HTTP Request: POST https://api.upstage.ai/v1/chat/completions "HTTP/1.1 200 OK"
2025-06-09 23:02:46,910 [INFO] 배치 처리 중: 1~1 / 1 청크
2025-06-09 23:02:47,749 [INFO] HTTP Request: POST https://api.upstage.ai/v1/embeddings "HTTP/1.1 200 OK"
2025-06-09 23:02:49,050 [INFO] HTTP Request: POST https://api.upstage.ai/v1/chat/completions "HTTP/1.1 200 OK"
2025-06-09 23:02:50,414 [INFO] HTTP Request: POST https://api.upstage.ai/v1/chat/completions "HTTP/1.1 200 OK"
2025-06-09 23:02:51,779 [INFO] HTTP Request: POST https://api.upstage.ai/v1/chat/completions "HTTP/1.1 200 OK"
2025-06-09 23:02:52,721 [INFO] HTTP Request: POST https://api.upstage.ai/v1/chat/completions "HTTP/1.1 200 OK"
2025-06-09 23:02:53,968 [INFO] HTTP Request: POST https://api.upstage.ai/v1/chat/completions "HTTP/1.1 200 OK"
2025-06-09 23:02:55,487 [INFO] HTTP Request: POST https://api.upstage.ai/v1/chat/completions "HTTP/1.1 200 OK"
2025-06-09 23:02:57,021 [INFO] HTTP Request: POST https://api.upstage.ai/v1/chat/completions "HTTP/1.1 200 OK"
2025-06-09 23:02:57,412 [INFO] HTTP Request: POST https://api.upstage.ai/v1/chat/completions "HTTP/1.1 200 OK"
2025-06-09 23:02:57,896 [INFO] HTTP Request: POST https://api.upstage.ai/v1/chat/completions "HTTP/1.1 200 OK"
2025-06-09 23:02:59,400 [INFO] HTTP Request: POST https://api.upstage.ai/v1/chat/completions "HTTP/1.1 200 OK"
2025-06-09 23:03:00,709 [INFO] HTTP Request: POST https://api.upstage.ai/v1/chat/completions "HTTP/1.1 200 OK"
2025-06-09 23:03:02,428 [INFO] HTTP Request: POST https://api.upstage.ai/v1/chat/completions "HTTP/1.1 200 OK"
2025-06-09 23:03:03,229 [INFO] HTTP Request: POST https://api.upstage.ai/v1/chat/completions "HTTP/1.1 200 OK"
2025-06-09 23:03:03,891 [INFO] HTTP Request: POST https://api.upstage.ai/v1/chat/completions "HTTP/1.1 200 OK"
2025-06-09 23:03:05,133 [INFO] HTTP Request: POST https://api.upstage.ai/v1/chat/completions "HTTP/1.1 200 OK"
2025-06-09 23:03:06,774 [INFO] HTTP Request: POST https://api.upstage.ai/v1/chat/completions "HTTP/1.1 200 OK"
2025-06-09 23:03:07,547 [INFO] HTTP Request: POST https://api.upstage.ai/v1/chat/completions "HTTP/1.1 200 OK"
2025-06-09 23:03:08,955 [INFO] HTTP Request: POST https://api.upstage.ai/v1/chat/completions "HTTP/1.1 200 OK"
2025-06-09 23:03:09,961 [INFO] HTTP Request: POST https://api.upstage.ai/v1/chat/completions "HTTP/1.1 200 OK"
2025-06-09 23:03:11,651 [INFO] HTTP Request: POST https://api.upstage.ai/v1/chat/completions "HTTP/1.1 200 OK"
2025-06-09 23:03:12,296 [INFO] HTTP Request: POST https://api.upstage.ai/v1/chat/completions "HTTP/1.1 200 OK"
2025-06-09 23:03:12,903 [INFO] HTTP Request: POST https://api.upstage.ai/v1/chat/completions "HTTP/1.1 200 OK"
2025-06-09 23:03:13,702 [INFO] HTTP Request: POST https://api.upstage.ai/v1/chat/completions "HTTP/1.1 200 OK"
2025-06-09 23:03:14,414 [INFO] HTTP Request: POST https://api.upstage.ai/v1/chat/completions "HTTP/1.1 200 OK"
2025-06-09 23:03:16,252 [INFO] HTTP Request: POST https://api.upstage.ai/v1/chat/completions "HTTP/1.1 200 OK"
2025-06-09 23:03:18,827 [INFO] HTTP Request: POST https://api.upstage.ai/v1/chat/completions "HTTP/1.1 200 OK"
2025-06-09 23:03:19,617 [INFO] HTTP Request: POST https://api.upstage.ai/v1/chat/completions "HTTP/1.1 200 OK"
2025-06-09 23:03:20,966 [INFO] HTTP Request: POST https://api.upstage.ai/v1/chat/completions "HTTP/1.1 200 OK"
2025-06-09 23:03:21,612 [INFO] HTTP Request: POST https://api.upstage.ai/v1/chat/completions "HTTP/1.1 200 OK"
2025-06-09 23:03:22,516 [INFO] HTTP Request: POST https://api.upstage.ai/v1/chat/completions "HTTP/1.1 200 OK"
2025-06-09 23:03:23,839 [INFO] HTTP Request: POST https://api.upstage.ai/v1/chat/completions "HTTP/1.1 200 OK"
2025-06-09 23:03:24,451 [INFO] HTTP Request: POST https://api.upstage.ai/v1/chat/completions "HTTP/1.1 200 OK"
2025-06-09 23:03:25,654 [INFO] HTTP Request: POST https://api.upstage.ai/v1/chat/completions "HTTP/1.1 200 OK"
2025-06-09 23:03:26,512 [INFO] HTTP Request: POST https://api.upstage.ai/v1/chat/completions "HTTP/1.1 200 OK"
2025-06-09 23:03:28,134 [INFO] HTTP Request: POST https://api.upstage.ai/v1/chat/completions "HTTP/1.1 200 OK"
2025-06-09 23:03:28,499 [INFO] HTTP Request: POST https://api.upstage.ai/v1/chat/completions "HTTP/1.1 200 OK"
2025-06-09 23:03:29,596 [INFO] HTTP Request: POST https://api.upstage.ai/v1/chat/completions "HTTP/1.1 200 OK"
2025-06-09 23:03:30,919 [INFO] HTTP Request: POST https://api.upstage.ai/v1/chat/completions "HTTP/1.1 200 OK"
2025-06-09 23:03:31,821 [INFO] HTTP Request: POST https://api.upstage.ai/v1/chat/completions "HTTP/1.1 200 OK"
2025-06-09 23:03:32,370 [INFO] HTTP Request: POST https://api.upstage.ai/v1/chat/completions "HTTP/1.1 200 OK"
2025-06-09 23:03:32,943 [INFO] HTTP Request: POST https://api.upstage.ai/v1/chat/completions "HTTP/1.1 200 OK"
2025-06-09 23:03:34,089 [INFO] HTTP Request: POST https://api.upstage.ai/v1/chat/completions "HTTP/1.1 200 OK"
2025-06-09 23:03:34,981 [INFO] HTTP Request: POST https://api.upstage.ai/v1/chat/completions "HTTP/1.1 200 OK"
2025-06-09 23:03:35,680 [INFO] HTTP Request: POST https://api.upstage.ai/v1/chat/completions "HTTP/1.1 200 OK"
2025-06-09 23:03:37,012 [INFO] HTTP Request: POST https://api.upstage.ai/v1/chat/completions "HTTP/1.1 200 OK"
2025-06-09 23:03:37,789 [INFO] HTTP Request: POST https://api.upstage.ai/v1/chat/completions "HTTP/1.1 200 OK"
2025-06-09 23:03:38,368 [INFO] HTTP Request: POST https://api.upstage.ai/v1/chat/completions "HTTP/1.1 200 OK"
2025-06-09 23:03:38,926 [INFO] HTTP Request: POST https://api.upstage.ai/v1/chat/completions "HTTP/1.1 200 OK"
2025-06-09 23:03:39,227 [INFO] HTTP Request: POST https://api.upstage.ai/v1/chat/completions "HTTP/1.1 200 OK"
2025-06-09 23:03:40,057 [INFO] HTTP Request: POST https://api.upstage.ai/v1/chat/completions "HTTP/1.1 200 OK"
2025-06-09 23:03:40,641 [INFO] HTTP Request: POST https://api.upstage.ai/v1/chat/completions "HTTP/1.1 200 OK"
2025-06-09 23:03:42,038 [INFO] HTTP Request: POST https://api.upstage.ai/v1/chat/completions "HTTP/1.1 200 OK"
2025-06-09 23:03:42,687 [INFO] HTTP Request: POST https://api.upstage.ai/v1/chat/completions "HTTP/1.1 200 OK"
2025-06-09 23:03:43,816 [INFO] HTTP Request: POST https://api.upstage.ai/v1/chat/completions "HTTP/1.1 200 OK"
2025-06-09 23:03:44,412 [INFO] HTTP Request: POST https://api.upstage.ai/v1/chat/completions "HTTP/1.1 200 OK"
2025-06-09 23:03:45,415 [INFO] HTTP Request: POST https://api.upstage.ai/v1/chat/completions "HTTP/1.1 200 OK"
2025-06-09 23:03:46,466 [INFO] HTTP Request: POST https://api.upstage.ai/v1/chat/completions "HTTP/1.1 200 OK"
2025-06-09 23:03:47,487 [INFO] HTTP Request: POST https://api.upstage.ai/v1/chat/completions "HTTP/1.1 200 OK"
2025-06-09 23:03:48,067 [INFO] HTTP Request: POST https://api.upstage.ai/v1/chat/completions "HTTP/1.1 200 OK"
2025-06-09 23:05:21,369 [INFO] Loading faiss with AVX2 support.
2025-06-09 23:05:21,458 [INFO] Successfully loaded faiss with AVX2 support.
2025-06-09 23:05:21,474 [INFO] Failed to load GPU Faiss: name 'GpuIndexIVFFlat' is not defined. Will not load constructor refs for GPU indexes. This is only an error if you're trying to use GPU Faiss.
2025-06-09 23:05:21,474 [WARNING] `embedding_function` is expected to be an Embeddings object, support for passing in a function will soon be removed.
2025-06-09 23:05:35,930 [INFO] HTTP Request: POST https://api.upstage.ai/v1/chat/completions "HTTP/1.1 200 OK"
2025-06-09 23:05:36,510 [INFO] HTTP Request: POST https://api.upstage.ai/v1/chat/completions "HTTP/1.1 200 OK"
2025-06-09 23:05:36,526 [INFO] 배치 처리 중: 1~1 / 1 청크
2025-06-09 23:05:36,809 [INFO] HTTP Request: POST https://api.upstage.ai/v1/embeddings "HTTP/1.1 200 OK"
2025-06-09 23:05:38,253 [INFO] HTTP Request: POST https://api.upstage.ai/v1/chat/completions "HTTP/1.1 200 OK"
2025-06-09 23:05:40,012 [INFO] HTTP Request: POST https://api.upstage.ai/v1/chat/completions "HTTP/1.1 200 OK"
2025-06-09 23:05:41,513 [INFO] HTTP Request: POST https://api.upstage.ai/v1/chat/completions "HTTP/1.1 200 OK"
2025-06-09 23:05:44,184 [INFO] HTTP Request: POST https://api.upstage.ai/v1/chat/completions "HTTP/1.1 200 OK"
2025-06-09 23:05:46,278 [INFO] HTTP Request: POST https://api.upstage.ai/v1/chat/completions "HTTP/1.1 200 OK"
2025-06-09 23:05:47,811 [INFO] HTTP Request: POST https://api.upstage.ai/v1/chat/completions "HTTP/1.1 200 OK"
2025-06-09 23:05:49,403 [INFO] HTTP Request: POST https://api.upstage.ai/v1/chat/completions "HTTP/1.1 200 OK"
2025-06-09 23:05:49,874 [INFO] HTTP Request: POST https://api.upstage.ai/v1/chat/completions "HTTP/1.1 200 OK"
2025-06-09 23:05:50,300 [INFO] HTTP Request: POST https://api.upstage.ai/v1/chat/completions "HTTP/1.1 200 OK"
2025-06-09 23:05:53,317 [INFO] HTTP Request: POST https://api.upstage.ai/v1/chat/completions "HTTP/1.1 200 OK"
2025-06-09 23:05:55,078 [INFO] HTTP Request: POST https://api.upstage.ai/v1/chat/completions "HTTP/1.1 200 OK"
2025-06-09 23:05:56,425 [INFO] HTTP Request: POST https://api.upstage.ai/v1/chat/completions "HTTP/1.1 200 OK"
2025-06-09 23:05:57,204 [INFO] HTTP Request: POST https://api.upstage.ai/v1/chat/completions "HTTP/1.1 200 OK"
2025-06-09 23:05:58,322 [INFO] HTTP Request: POST https://api.upstage.ai/v1/chat/completions "HTTP/1.1 200 OK"
2025-06-09 23:05:59,534 [INFO] HTTP Request: POST https://api.upstage.ai/v1/chat/completions "HTTP/1.1 200 OK"
2025-06-09 23:06:01,057 [INFO] HTTP Request: POST https://api.upstage.ai/v1/chat/completions "HTTP/1.1 200 OK"
2025-06-09 23:06:01,937 [INFO] HTTP Request: POST https://api.upstage.ai/v1/chat/completions "HTTP/1.1 200 OK"
2025-06-09 23:06:02,958 [INFO] HTTP Request: POST https://api.upstage.ai/v1/chat/completions "HTTP/1.1 200 OK"
2025-06-09 23:06:03,889 [INFO] HTTP Request: POST https://api.upstage.ai/v1/chat/completions "HTTP/1.1 200 OK"
2025-06-09 23:06:05,361 [INFO] HTTP Request: POST https://api.upstage.ai/v1/chat/completions "HTTP/1.1 200 OK"
2025-06-09 23:06:06,138 [INFO] HTTP Request: POST https://api.upstage.ai/v1/chat/completions "HTTP/1.1 200 OK"
2025-06-09 23:06:06,753 [INFO] HTTP Request: POST https://api.upstage.ai/v1/chat/completions "HTTP/1.1 200 OK"
2025-06-09 23:06:07,311 [INFO] HTTP Request: POST https://api.upstage.ai/v1/chat/completions "HTTP/1.1 200 OK"
2025-06-09 23:06:08,037 [INFO] HTTP Request: POST https://api.upstage.ai/v1/chat/completions "HTTP/1.1 200 OK"
2025-06-09 23:06:09,927 [INFO] HTTP Request: POST https://api.upstage.ai/v1/chat/completions "HTTP/1.1 200 OK"
2025-06-09 23:06:12,783 [INFO] HTTP Request: POST https://api.upstage.ai/v1/chat/completions "HTTP/1.1 200 OK"
2025-06-09 23:06:13,510 [INFO] HTTP Request: POST https://api.upstage.ai/v1/chat/completions "HTTP/1.1 200 OK"
2025-06-09 23:06:15,052 [INFO] HTTP Request: POST https://api.upstage.ai/v1/chat/completions "HTTP/1.1 200 OK"
2025-06-09 23:06:15,716 [INFO] HTTP Request: POST https://api.upstage.ai/v1/chat/completions "HTTP/1.1 200 OK"
2025-06-09 23:06:16,563 [INFO] HTTP Request: POST https://api.upstage.ai/v1/chat/completions "HTTP/1.1 200 OK"
2025-06-09 23:06:17,812 [INFO] HTTP Request: POST https://api.upstage.ai/v1/chat/completions "HTTP/1.1 200 OK"
2025-06-09 23:06:18,326 [INFO] HTTP Request: POST https://api.upstage.ai/v1/chat/completions "HTTP/1.1 200 OK"
2025-06-09 23:06:19,229 [INFO] HTTP Request: POST https://api.upstage.ai/v1/chat/completions "HTTP/1.1 200 OK"
2025-06-09 23:06:20,172 [INFO] HTTP Request: POST https://api.upstage.ai/v1/chat/completions "HTTP/1.1 200 OK"
2025-06-09 23:06:21,537 [INFO] HTTP Request: POST https://api.upstage.ai/v1/chat/completions "HTTP/1.1 200 OK"
2025-06-09 23:06:22,014 [INFO] HTTP Request: POST https://api.upstage.ai/v1/chat/completions "HTTP/1.1 200 OK"
2025-06-09 23:06:22,829 [INFO] HTTP Request: POST https://api.upstage.ai/v1/chat/completions "HTTP/1.1 200 OK"
2025-06-09 23:06:24,057 [INFO] HTTP Request: POST https://api.upstage.ai/v1/chat/completions "HTTP/1.1 200 OK"
2025-06-09 23:06:24,775 [INFO] HTTP Request: POST https://api.upstage.ai/v1/chat/completions "HTTP/1.1 200 OK"
2025-06-09 23:06:25,900 [INFO] HTTP Request: POST https://api.upstage.ai/v1/chat/completions "HTTP/1.1 200 OK"
2025-06-09 23:06:26,515 [INFO] HTTP Request: POST https://api.upstage.ai/v1/chat/completions "HTTP/1.1 200 OK"
2025-06-09 23:06:27,698 [INFO] HTTP Request: POST https://api.upstage.ai/v1/chat/completions "HTTP/1.1 200 OK"
2025-06-09 23:06:28,314 [INFO] HTTP Request: POST https://api.upstage.ai/v1/chat/completions "HTTP/1.1 200 OK"
2025-06-09 23:06:29,389 [INFO] HTTP Request: POST https://api.upstage.ai/v1/chat/completions "HTTP/1.1 200 OK"
2025-06-09 23:06:29,896 [INFO] HTTP Request: POST https://api.upstage.ai/v1/chat/completions "HTTP/1.1 200 OK"
2025-06-09 23:06:30,710 [INFO] HTTP Request: POST https://api.upstage.ai/v1/chat/completions "HTTP/1.1 200 OK"
2025-06-09 23:06:31,248 [INFO] HTTP Request: POST https://api.upstage.ai/v1/chat/completions "HTTP/1.1 200 OK"
2025-06-09 23:06:31,947 [INFO] HTTP Request: POST https://api.upstage.ai/v1/chat/completions "HTTP/1.1 200 OK"
2025-06-09 23:06:32,561 [INFO] HTTP Request: POST https://api.upstage.ai/v1/chat/completions "HTTP/1.1 200 OK"
2025-06-09 23:06:33,476 [INFO] HTTP Request: POST https://api.upstage.ai/v1/chat/completions "HTTP/1.1 200 OK"
2025-06-09 23:06:33,865 [INFO] HTTP Request: POST https://api.upstage.ai/v1/chat/completions "HTTP/1.1 200 OK"
2025-06-09 23:06:35,093 [INFO] HTTP Request: POST https://api.upstage.ai/v1/chat/completions "HTTP/1.1 200 OK"
2025-06-09 23:06:35,669 [INFO] HTTP Request: POST https://api.upstage.ai/v1/chat/completions "HTTP/1.1 200 OK"
2025-06-09 23:06:36,959 [INFO] HTTP Request: POST https://api.upstage.ai/v1/chat/completions "HTTP/1.1 200 OK"
2025-06-09 23:06:37,578 [INFO] HTTP Request: POST https://api.upstage.ai/v1/chat/completions "HTTP/1.1 200 OK"
2025-06-09 23:06:38,818 [INFO] HTTP Request: POST https://api.upstage.ai/v1/chat/completions "HTTP/1.1 200 OK"
2025-06-09 23:06:39,897 [INFO] HTTP Request: POST https://api.upstage.ai/v1/chat/completions "HTTP/1.1 200 OK"
2025-06-09 23:06:40,890 [INFO] HTTP Request: POST https://api.upstage.ai/v1/chat/completions "HTTP/1.1 200 OK"
2025-06-09 23:06:41,562 [INFO] HTTP Request: POST https://api.upstage.ai/v1/chat/completions "HTTP/1.1 200 OK"
2025-06-09 23:14:47,933 [INFO] HTTP Request: POST https://api.upstage.ai/v1/chat/completions "HTTP/1.1 200 OK"
2025-06-09 23:14:48,359 [INFO] HTTP Request: POST https://api.upstage.ai/v1/chat/completions "HTTP/1.1 200 OK"
2025-06-09 23:15:04,055 [INFO] HTTP Request: POST https://api.upstage.ai/v1/chat/completions "HTTP/1.1 200 OK"
2025-06-09 23:15:21,874 [INFO] HTTP Request: POST https://api.upstage.ai/v1/chat/completions "HTTP/1.1 200 OK"
2025-06-09 23:16:05,097 [INFO] HTTP Request: POST https://api.upstage.ai/v1/chat/completions "HTTP/1.1 200 OK"
2025-06-09 23:18:54,008 [INFO] HTTP Request: POST https://api.upstage.ai/v1/chat/completions "HTTP/1.1 200 OK"
2025-06-09 23:18:57,221 [INFO] HTTP Request: POST https://api.upstage.ai/v1/chat/completions "HTTP/1.1 200 OK"
2025-06-09 23:19:01,417 [INFO] HTTP Request: POST https://api.upstage.ai/v1/chat/completions "HTTP/1.1 200 OK"
2025-06-09 23:19:04,295 [INFO] HTTP Request: POST https://api.upstage.ai/v1/chat/completions "HTTP/1.1 200 OK"
2025-06-09 23:19:04,819 [INFO] HTTP Request: POST https://api.upstage.ai/v1/chat/completions "HTTP/1.1 200 OK"
2025-06-09 23:19:07,580 [INFO] HTTP Request: POST https://api.upstage.ai/v1/chat/completions "HTTP/1.1 200 OK"
2025-06-09 23:21:23,430 [INFO] HTTP Request: POST https://api.upstage.ai/v1/chat/completions "HTTP/1.1 200 OK"
2025-06-09 23:22:04,998 [INFO] HTTP Request: POST https://api.upstage.ai/v1/chat/completions "HTTP/1.1 200 OK"
2025-06-09 23:22:10,347 [INFO] HTTP Request: POST https://api.upstage.ai/v1/chat/completions "HTTP/1.1 200 OK"
2025-06-09 23:22:13,101 [INFO] HTTP Request: POST https://api.upstage.ai/v1/chat/completions "HTTP/1.1 200 OK"
2025-06-09 23:22:17,115 [INFO] HTTP Request: POST https://api.upstage.ai/v1/chat/completions "HTTP/1.1 200 OK"
2025-06-09 23:22:17,480 [INFO] HTTP Request: POST https://api.upstage.ai/v1/chat/completions "HTTP/1.1 200 OK"
2025-06-09 23:26:06,569 [INFO] HTTP Request: POST https://api.upstage.ai/v1/chat/completions "HTTP/1.1 200 OK"
2025-06-09 23:26:07,082 [INFO] HTTP Request: POST https://api.upstage.ai/v1/chat/completions "HTTP/1.1 200 OK"
2025-06-09 23:26:09,969 [INFO] HTTP Request: POST https://api.upstage.ai/v1/chat/completions "HTTP/1.1 200 OK"
2025-06-09 23:26:10,572 [INFO] HTTP Request: POST https://api.upstage.ai/v1/chat/completions "HTTP/1.1 200 OK"
2025-06-09 23:26:11,346 [INFO] HTTP Request: POST https://api.upstage.ai/v1/chat/completions "HTTP/1.1 200 OK"
2025-06-09 23:26:14,578 [INFO] HTTP Request: POST https://api.upstage.ai/v1/chat/completions "HTTP/1.1 200 OK"
2025-06-10 00:05:39,969 [WARNING] `embedding_function` is expected to be an Embeddings object, support for passing in a function will soon be removed.
2025-06-10 00:05:49,352 [INFO] HTTP Request: POST https://api.upstage.ai/v1/chat/completions "HTTP/1.1 200 OK"
2025-06-10 00:16:21,856 [INFO] HTTP Request: POST https://api.upstage.ai/v1/chat/completions "HTTP/1.1 200 OK"
2025-06-10 00:19:18,625 [INFO] HTTP Request: POST https://api.upstage.ai/v1/chat/completions "HTTP/1.1 200 OK"
2025-06-10 00:19:32,025 [WARNING] `embedding_function` is expected to be an Embeddings object, support for passing in a function will soon be removed.
2025-06-10 00:19:33,829 [INFO] HTTP Request: POST https://api.upstage.ai/v1/chat/completions "HTTP/1.1 200 OK"
2025-06-10 00:19:33,845 [INFO] 배치 처리 중: 1~1 / 1 청크
2025-06-10 00:19:34,283 [INFO] HTTP Request: POST https://api.upstage.ai/v1/embeddings "HTTP/1.1 200 OK"
2025-06-10 00:19:45,773 [INFO] HTTP Request: POST https://api.upstage.ai/v1/chat/completions "HTTP/1.1 200 OK"
2025-06-10 00:23:36,107 [INFO] HTTP Request: POST https://api.upstage.ai/v1/chat/completions "HTTP/1.1 200 OK"
2025-06-10 00:24:45,330 [WARNING] `embedding_function` is expected to be an Embeddings object, support for passing in a function will soon be removed.
2025-06-10 00:25:08,869 [INFO] HTTP Request: POST https://api.upstage.ai/v1/chat/completions "HTTP/1.1 200 OK"
2025-06-10 00:25:33,343 [INFO] HTTP Request: POST https://api.upstage.ai/v1/chat/completions "HTTP/1.1 200 OK"
2025-06-10 00:25:33,452 [INFO] 배치 처리 중: 1~4 / 4 청크
2025-06-10 00:25:33,891 [INFO] HTTP Request: POST https://api.upstage.ai/v1/embeddings "HTTP/1.1 200 OK"
2025-06-10 00:25:38,404 [INFO] HTTP Request: POST https://api.upstage.ai/v1/chat/completions "HTTP/1.1 200 OK"
2025-06-10 00:25:51,218 [INFO] HTTP Request: POST https://api.upstage.ai/v1/chat/completions "HTTP/1.1 200 OK"
2025-06-10 00:26:06,818 [INFO] HTTP Request: POST https://api.upstage.ai/v1/chat/completions "HTTP/1.1 200 OK"
2025-06-10 00:34:33,018 [INFO] HTTP Request: POST https://api.upstage.ai/v1/chat/completions "HTTP/1.1 200 OK"
2025-06-10 00:34:46,740 [WARNING] `embedding_function` is expected to be an Embeddings object, support for passing in a function will soon be removed.
2025-06-10 00:34:56,800 [INFO] HTTP Request: POST https://api.upstage.ai/v1/chat/completions "HTTP/1.1 200 OK"
2025-06-10 00:34:56,863 [INFO] 배치 처리 중: 1~2 / 2 청크
2025-06-10 00:34:57,369 [INFO] HTTP Request: POST https://api.upstage.ai/v1/embeddings "HTTP/1.1 200 OK"
2025-06-10 00:35:04,882 [INFO] HTTP Request: POST https://api.upstage.ai/v1/chat/completions "HTTP/1.1 200 OK"
2025-06-10 00:35:10,579 [INFO] HTTP Request: POST https://api.upstage.ai/v1/chat/completions "HTTP/1.1 200 OK"
2025-06-10 00:35:17,721 [INFO] HTTP Request: POST https://api.upstage.ai/v1/chat/completions "HTTP/1.1 200 OK"
2025-06-10 00:36:40,661 [INFO] HTTP Request: POST https://api.upstage.ai/v1/chat/completions "HTTP/1.1 200 OK"
2025-06-10 00:36:54,898 [WARNING] `embedding_function` is expected to be an Embeddings object, support for passing in a function will soon be removed.
2025-06-10 00:37:06,174 [INFO] HTTP Request: POST https://api.upstage.ai/v1/chat/completions "HTTP/1.1 200 OK"
2025-06-10 00:37:06,254 [INFO] 배치 처리 중: 1~2 / 2 청크
2025-06-10 00:37:07,670 [INFO] HTTP Request: POST https://api.upstage.ai/v1/embeddings "HTTP/1.1 200 OK"
2025-06-10 00:37:16,226 [INFO] HTTP Request: POST https://api.upstage.ai/v1/chat/completions "HTTP/1.1 200 OK"
2025-06-10 00:37:21,869 [INFO] HTTP Request: POST https://api.upstage.ai/v1/chat/completions "HTTP/1.1 200 OK"
2025-06-10 00:37:30,189 [INFO] HTTP Request: POST https://api.upstage.ai/v1/chat/completions "HTTP/1.1 200 OK"
2025-06-10 00:46:45,925 [WARNING] `embedding_function` is expected to be an Embeddings object, support for passing in a function will soon be removed.
2025-06-10 00:46:52,511 [INFO] HTTP Request: POST https://api.upstage.ai/v1/chat/completions "HTTP/1.1 200 OK"
2025-06-10 00:46:52,530 [INFO] 배치 처리 중: 1~2 / 2 청크
2025-06-10 00:46:53,128 [INFO] HTTP Request: POST https://api.upstage.ai/v1/embeddings "HTTP/1.1 200 OK"
2025-06-10 00:47:01,497 [INFO] HTTP Request: POST https://api.upstage.ai/v1/chat/completions "HTTP/1.1 200 OK"
2025-06-10 00:47:05,734 [INFO] HTTP Request: POST https://api.upstage.ai/v1/chat/completions "HTTP/1.1 200 OK"
2025-06-10 00:47:20,433 [INFO] HTTP Request: POST https://api.upstage.ai/v1/chat/completions "HTTP/1.1 200 OK"
2025-06-10 00:49:36,504 [WARNING] `embedding_function` is expected to be an Embeddings object, support for passing in a function will soon be removed.
2025-06-10 00:49:43,415 [INFO] HTTP Request: POST https://api.upstage.ai/v1/chat/completions "HTTP/1.1 200 OK"
2025-06-10 00:49:43,451 [INFO] 배치 처리 중: 1~3 / 3 청크
2025-06-10 00:49:43,978 [INFO] HTTP Request: POST https://api.upstage.ai/v1/embeddings "HTTP/1.1 200 OK"
2025-06-10 00:49:54,576 [INFO] HTTP Request: POST https://api.upstage.ai/v1/chat/completions "HTTP/1.1 200 OK"
2025-06-10 00:50:04,445 [INFO] HTTP Request: POST https://api.upstage.ai/v1/chat/completions "HTTP/1.1 200 OK"
2025-06-10 00:50:14,115 [INFO] HTTP Request: POST https://api.upstage.ai/v1/chat/completions "HTTP/1.1 200 OK"
2025-06-10 00:52:15,161 [INFO] HTTP Request: POST https://api.upstage.ai/v1/chat/completions "HTTP/1.1 200 OK"
2025-06-10 00:52:33,085 [WARNING] `embedding_function` is expected to be an Embeddings object, support for passing in a function will soon be removed.
2025-06-10 00:52:45,248 [INFO] HTTP Request: POST https://api.upstage.ai/v1/chat/completions "HTTP/1.1 200 OK"
2025-06-10 00:52:45,364 [INFO] 배치 처리 중: 1~4 / 4 청크
2025-06-10 00:52:46,014 [INFO] HTTP Request: POST https://api.upstage.ai/v1/embeddings "HTTP/1.1 200 OK"
2025-06-10 00:53:00,818 [INFO] HTTP Request: POST https://api.upstage.ai/v1/chat/completions "HTTP/1.1 200 OK"
2025-06-10 00:53:11,205 [INFO] HTTP Request: POST https://api.upstage.ai/v1/chat/completions "HTTP/1.1 200 OK"
2025-06-10 00:53:22,202 [INFO] HTTP Request: POST https://api.upstage.ai/v1/chat/completions "HTTP/1.1 200 OK"
2025-06-10 00:54:34,128 [INFO] HTTP Request: POST https://api.upstage.ai/v1/chat/completions "HTTP/1.1 200 OK"
2025-06-10 00:55:06,034 [INFO] HTTP Request: POST https://api.upstage.ai/v1/chat/completions "HTTP/1.1 200 OK"
2025-06-10 00:55:50,003 [INFO] HTTP Request: POST https://api.upstage.ai/v1/chat/completions "HTTP/1.1 200 OK"
2025-06-10 00:55:50,084 [INFO] 배치 처리 중: 1~4 / 4 청크
2025-06-10 00:55:50,768 [INFO] HTTP Request: POST https://api.upstage.ai/v1/embeddings "HTTP/1.1 200 OK"
2025-06-10 00:55:58,943 [INFO] HTTP Request: POST https://api.upstage.ai/v1/chat/completions "HTTP/1.1 200 OK"
2025-06-10 00:56:04,194 [INFO] HTTP Request: POST https://api.upstage.ai/v1/chat/completions "HTTP/1.1 200 OK"
2025-06-10 00:56:18,260 [INFO] HTTP Request: POST https://api.upstage.ai/v1/chat/completions "HTTP/1.1 200 OK"
2025-06-10 01:04:04,916 [WARNING] `embedding_function` is expected to be an Embeddings object, support for passing in a function will soon be removed.
2025-06-10 01:04:29,786 [INFO] HTTP Request: POST https://api.upstage.ai/v1/chat/completions "HTTP/1.1 200 OK"
2025-06-10 01:04:29,865 [INFO] 배치 처리 중: 1~6 / 6 청크
2025-06-10 01:04:31,104 [INFO] HTTP Request: POST https://api.upstage.ai/v1/embeddings "HTTP/1.1 200 OK"
2025-06-10 01:04:39,932 [INFO] HTTP Request: POST https://api.upstage.ai/v1/chat/completions "HTTP/1.1 200 OK"
2025-06-10 01:04:51,393 [INFO] HTTP Request: POST https://api.upstage.ai/v1/chat/completions "HTTP/1.1 200 OK"
2025-06-10 01:04:59,298 [INFO] HTTP Request: POST https://api.upstage.ai/v1/chat/completions "HTTP/1.1 200 OK"
2025-06-10 01:07:36,458 [INFO] HTTP Request: POST https://api.upstage.ai/v1/chat/completions "HTTP/1.1 200 OK"
2025-06-10 01:08:02,042 [INFO] HTTP Request: POST https://api.upstage.ai/v1/chat/completions "HTTP/1.1 200 OK"
2025-06-10 01:08:02,120 [INFO] 배치 처리 중: 1~3 / 3 청크
2025-06-10 01:08:03,103 [INFO] HTTP Request: POST https://api.upstage.ai/v1/embeddings "HTTP/1.1 200 OK"
2025-06-10 01:08:11,488 [INFO] HTTP Request: POST https://api.upstage.ai/v1/chat/completions "HTTP/1.1 200 OK"
2025-06-10 01:08:14,247 [INFO] HTTP Request: POST https://api.upstage.ai/v1/chat/completions "HTTP/1.1 200 OK"
2025-06-10 01:08:19,311 [INFO] HTTP Request: POST https://api.upstage.ai/v1/chat/completions "HTTP/1.1 200 OK"
2025-06-10 01:10:49,258 [WARNING] `embedding_function` is expected to be an Embeddings object, support for passing in a function will soon be removed.
2025-06-10 01:11:12,425 [INFO] HTTP Request: POST https://api.upstage.ai/v1/chat/completions "HTTP/1.1 200 OK"
2025-06-10 01:11:12,531 [INFO] 배치 처리 중: 1~7 / 7 청크
2025-06-10 01:11:13,866 [INFO] HTTP Request: POST https://api.upstage.ai/v1/embeddings "HTTP/1.1 200 OK"
2025-06-10 01:11:26,286 [INFO] HTTP Request: POST https://api.upstage.ai/v1/chat/completions "HTTP/1.1 200 OK"
2025-06-10 01:11:35,491 [INFO] HTTP Request: POST https://api.upstage.ai/v1/chat/completions "HTTP/1.1 200 OK"
2025-06-10 01:11:39,935 [INFO] HTTP Request: POST https://api.upstage.ai/v1/chat/completions "HTTP/1.1 200 OK"
2025-06-10 01:14:26,423 [WARNING] `embedding_function` is expected to be an Embeddings object, support for passing in a function will soon be removed.
2025-06-10 01:14:46,394 [INFO] HTTP Request: POST https://api.upstage.ai/v1/chat/completions "HTTP/1.1 200 OK"
2025-06-10 01:14:46,495 [INFO] 배치 처리 중: 1~4 / 4 청크
2025-06-10 01:14:46,763 [INFO] HTTP Request: POST https://api.upstage.ai/v1/embeddings "HTTP/1.1 200 OK"
2025-06-10 01:15:02,263 [INFO] HTTP Request: POST https://api.upstage.ai/v1/chat/completions "HTTP/1.1 200 OK"
2025-06-10 01:15:17,443 [INFO] HTTP Request: POST https://api.upstage.ai/v1/chat/completions "HTTP/1.1 200 OK"
2025-06-10 01:15:26,738 [INFO] HTTP Request: POST https://api.upstage.ai/v1/chat/completions "HTTP/1.1 200 OK"
